{"logTime":"0730/155820", "correlationVector":"QyKhEQG+J/VkgqPHLsh5bc.0","action":"SyncServerConnectionManagerRequest", "result":"SYNC_SERVER_OK", "context":{"environment":"", "server":""}}
{"logTime":"0730/155820", "correlationVector":"iwFlyFRtbVIJm6UF1cKoK2.1","action":"SyncServerConnectionManagerRequest", "result":"SYNC_SERVER_OK", "context":{"environment":"48F630A6-CB1B-4CC7-86AF-0F6627234B58", "server":"BN3PEPF00000888"}}
{"logTime":"0730/155820", "correlationVector":"u59ywDQYA/GCohcOiKEBPL.1","action":"SyncServerConnectionManagerRequest", "result":"SYNC_SERVER_OK", "context":{"environment":"48F630A6-CB1B-4CC7-86AF-0F6627234B58", "server":"BN3PEPF00000888"}}
{"logTime":"0730/155820", "correlationVector":"iwFlyFRtbVIJm6UF1cKoK2","action":"Initial GetUpdates", "result":""}
{"logTime":"0730/155820", "correlationVector":"iwFlyFRtbVIJm6UF1cKoK2.2","action":"GetUpdates Response", "result":"SERVER_MORE_TO_DOWNLOAD"}
{"logTime":"0730/155820", "correlationVector":"u59ywDQYA/GCohcOiKEBPL","action":"Initial GetUpdates", "result":""}
{"logTime":"0730/155820", "correlationVector":"u59ywDQYA/GCohcOiKEBPL.2","action":"GetUpdates Response", "result":"SYNCER_OK"}
{"logTime":"0730/155820", "correlationVector":"8CXffx36t8Mxp/572JTov0","action":"Initial GetUpdates", "result":""}
{"logTime":"0730/155821", "correlationVector":"8CXffx36t8Mxp/572JTov0.1","action":"SyncServerConnectionManagerRequest", "result":"SYNC_SERVER_OK", "context":{"environment":"48F630A6-CB1B-4CC7-86AF-0F6627234B58", "server":"BN3PEPF00000888"}}
{"logTime":"0730/155821", "correlationVector":"8CXffx36t8Mxp/572JTov0.2","action":"GetUpdates Response", "result":"SERVER_MORE_TO_DOWNLOAD"}
{"logTime":"0730/155821", "correlationVector":"jsoWhUOal1dQJm3+bS9NqF","action":"Initial GetUpdates", "result":""}
{"logTime":"0730/155821", "correlationVector":"jsoWhUOal1dQJm3+bS9NqF.1","action":"SyncServerConnectionManagerRequest", "result":"SYNC_SERVER_OK", "context":{"environment":"48F630A6-CB1B-4CC7-86AF-0F6627234B58", "server":"BN3PEPF00000888"}}
{"logTime":"0730/155821", "correlationVector":"jsoWhUOal1dQJm3+bS9NqF.2","action":"GetUpdates Response", "result":"SYNCER_OK"}
{"logTime":"0730/155821", "correlationVector":"EAxMjUUcovUk7wwKUOMxmW","action":"Normal GetUpdate request", "result":""}
{"logTime":"0730/155821", "correlationVector":"EAxMjUUcovUk7wwKUOMxmW.1","action":"SyncServerConnectionManagerRequest", "result":"SYNC_SERVER_OK", "context":{"environment":"48F630A6-CB1B-4CC7-86AF-0F6627234B58", "server":"BN3PEPF00000888"}}
{"logTime":"0730/155821", "correlationVector":"EAxMjUUcovUk7wwKUOMxmW.2","action":"GetUpdates Response", "result":"SYNCER_OK"}
{"logTime":"0730/155821", "correlationVector":"UXZLuE8FS1hjl5ZyAPDgUV","action":"Commit Request", "result":""}
{"logTime":"0730/155821", "correlationVector":"UXZLuE8FS1hjl5ZyAPDgUV.1","action":"SyncServerConnectionManagerRequest", "result":"SYNC_SERVER_OK", "context":{"environment":"48F630A6-CB1B-4CC7-86AF-0F6627234B58", "server":"BN3PEPF00000888"}}
{"logTime":"0730/155821", "correlationVector":"UXZLuE8FS1hjl5ZyAPDgUV.2","action":"Commit Response", "result":"SYNCER_OK"}
{"logTime":"0730/155821", "correlationVector":"pgbgFFBzRukLrxg1i6HNaH","action":"Normal GetUpdate request", "result":""}
{"logTime":"0730/155821", "correlationVector":"pgbgFFBzRukLrxg1i6HNaH.1","action":"SyncServerConnectionManagerRequest", "result":"SYNC_SERVER_OK", "context":{"environment":"48F630A6-CB1B-4CC7-86AF-0F6627234B58", "server":"BN3PEPF00000888"}}
{"logTime":"0730/155821", "correlationVector":"pgbgFFBzRukLrxg1i6HNaH.2","action":"GetUpdates Response", "result":"SYNCER_OK"}
